2025-07-23 10:35:21,783 - INFO - Starting video recording for 5 seconds...
2025-07-23 10:35:34,708 - INFO - Recording to: Video\test_recording_20250723_103534.mp4
2025-07-23 10:35:36,055 - INFO - Recording progress: 1.3/5 seconds
2025-07-23 10:35:37,049 - INFO - Recording progress: 2.3/5 seconds
2025-07-23 10:35:38,057 - INFO - Recording progress: 3.3/5 seconds
2025-07-23 10:35:39,049 - INFO - Recording progress: 4.3/5 seconds
2025-07-23 10:35:40,001 - INFO - Recording completed! Saved 140 frames to Video\test_recording_20250723_103534.mp4
2025-07-23 10:35:40,001 - INFO - Actual duration: 5.02 seconds
2025-07-23 11:00:25,652 - INFO - Analyzing video with 1 targets, 4 blob positions
2025-07-23 11:00:25,653 - INFO - Starting shot detection analysis for video: Video\shooting_20250723_105324.mp4
2025-07-23 11:00:25,653 - INFO - Target configuration: 1 targets, 3 shots per series
2025-07-23 11:00:25,653 - INFO - Processing target 1 with blobs: [[384.0, 262.0], [287.0, 262.0], [382.0, 161.0], [288.0, 161.0]]
2025-07-23 11:00:25,715 - INFO - Target 1: Processing 109 frames
2025-07-23 11:00:25,715 - INFO - Target 1: Trying strategy 1/4 - rgb_enhanced
2025-07-23 11:00:25,821 - INFO - Target 1: Shot 1 detected at (114.2, 105.1) using rgb_enhanced
2025-07-23 11:00:25,872 - INFO - Target 1: Shot 2 detected at (60.1, 104.0) using rgb_enhanced
2025-07-23 11:00:25,969 - INFO - Target 1: Shot 3 detected at (250.4, 99.3) using rgb_enhanced
2025-07-23 11:00:25,969 - INFO - Target 1: Found 3 shots using rgb_enhanced
2025-07-23 11:00:25,973 - INFO - Target 1: Final result - 3 shots detected
2025-07-23 11:00:25,974 - INFO - Detection data saved to: data\detection_data.json
2025-07-23 11:00:25,975 - INFO - Total targets: 1
2025-07-23 11:00:25,975 - INFO - Target 1: 3 shots
2025-07-23 11:00:25,975 - INFO - Shot detection completed. Found 3 shots total
2025-07-23 11:00:25,978 - INFO - Result image saved: Video\target_1_result_20250723_110025.jpg
2025-07-23 11:00:25,986 - INFO - Video analysis completed successfully. Detected 3 shots
2025-07-23 11:13:32,213 - INFO - Analyzing video with 1 targets, 4 blob positions
2025-07-23 11:13:32,214 - INFO - Starting shot detection analysis for video: Video\shooting_20250723_105324.mp4
2025-07-23 11:13:32,216 - INFO - Target configuration: 1 targets, 3 shots per series
2025-07-23 11:13:32,217 - WARNING - Homographies file not found: data\homographies.json
2025-07-23 11:13:32,218 - ERROR - Failed to load homographies. Cannot proceed with shot detection.
2025-07-23 11:13:32,230 - INFO - Video analysis completed successfully. Detected 0 shots
2025-07-23 11:16:50,448 - INFO - Generating homographies from calibration data...
2025-07-23 11:16:50,453 - INFO - Calculated homography for target 1
2025-07-23 11:16:50,454 - INFO -   Camera points: [[384.0, 262.0], [287.0, 262.0], [382.0, 161.0], [288.0, 161.0]]
2025-07-23 11:16:50,455 - INFO - Homographies saved to: data\homographies.json
2025-07-23 11:16:50,455 - INFO - Homographies generated successfully!
2025-07-23 11:16:59,039 - INFO - Starting video analysis for: Video\shooting_20250723_105324.mp4
2025-07-23 11:16:59,040 - INFO - This will update data/detection_data.json with shot detection results
2025-07-23 11:16:59,041 - INFO - Analyzing video with 1 targets, 4 blob positions
2025-07-23 11:16:59,042 - INFO - Starting shot detection analysis for video: Video\shooting_20250723_105324.mp4
2025-07-23 11:16:59,042 - INFO - Target configuration: 1 targets, 3 shots per series
2025-07-23 11:16:59,054 - INFO - Loaded 1 homographies from file
2025-07-23 11:16:59,054 - INFO - Processing target 1 with blobs: [[384.0, 262.0], [287.0, 262.0], [382.0, 161.0], [288.0, 161.0]]
2025-07-23 11:16:59,062 - INFO - Target 1: Processing 109 frames
2025-07-23 11:16:59,063 - INFO - Target 1: Trying strategy 1/4 - rgb_enhanced
2025-07-23 11:16:59,725 - INFO - Target 1: Trying strategy 2/4 - rgb_subtraction
2025-07-23 11:17:00,404 - INFO - Target 1: Trying strategy 3/4 - hsv_subtraction
2025-07-23 11:17:01,003 - INFO - Target 1: Trying strategy 4/4 - hsv_direct
2025-07-23 11:17:01,719 - INFO - Target 1: Final result - 0 shots detected
2025-07-23 11:17:01,719 - INFO - Shot detection completed. Found 0 shots total
2025-07-23 11:17:01,720 - INFO - Analysis completed: Analysis complete. Found 0 shots
2025-07-23 11:17:01,720 - INFO - Detection data saved to: data/detection_data.json
2025-07-23 11:17:01,720 - INFO - Result images saved to: Video/ directory
2025-07-23 11:17:01,720 - INFO - Video analysis completed successfully. Detected 0 shots
2025-07-23 11:34:30,728 - INFO - Starting video analysis for: Video\shooting_20250723_105324.mp4
2025-07-23 11:34:30,731 - INFO - This will update data/detection_data.json with shot detection results
2025-07-23 11:34:30,731 - ERROR - Video file not found: Video\shooting_20250723_105324.mp4
2025-07-23 11:35:51,071 - INFO - Starting video analysis for: Video\shooting_20250723_112245.mp4
2025-07-23 11:35:51,072 - INFO - This will update data/detection_data.json with shot detection results
2025-07-23 11:35:51,074 - INFO - Analyzing video with 1 targets, 4 blob positions
2025-07-23 11:35:51,074 - INFO - Starting shot detection analysis for video: Video\shooting_20250723_112245.mp4
2025-07-23 11:35:51,075 - INFO - Target configuration: 1 targets, 3 shots per series
2025-07-23 11:35:51,075 - INFO - Loaded 1 homographies from file
2025-07-23 11:35:51,075 - INFO - Processing target 1 with blobs: [[302.0, 232.0], [205.0, 232.0], [301.0, 129.0], [205.0, 128.0]]
2025-07-23 11:35:51,085 - INFO - Target 1: Processing 125 frames
2025-07-23 11:35:51,086 - INFO - Target 1: Trying strategy 1/4 - rgb_enhanced
2025-07-23 11:35:51,856 - INFO - Target 1: Strategy rgb_enhanced completed - 0 shots detected
2025-07-23 11:35:51,856 - INFO - Target 1: Trying strategy 2/4 - rgb_subtraction
2025-07-23 11:35:52,570 - INFO - Target 1: Strategy rgb_subtraction completed - 0 shots detected
2025-07-23 11:35:52,570 - INFO - Target 1: Trying strategy 3/4 - hsv_subtraction
2025-07-23 11:35:53,221 - INFO - Target 1: Strategy hsv_subtraction completed - 0 shots detected
2025-07-23 11:35:53,222 - INFO - Target 1: Trying strategy 4/4 - hsv_direct
2025-07-23 11:35:54,052 - INFO - Target 1: Strategy hsv_direct completed - 0 shots detected
2025-07-23 11:35:54,057 - INFO - Target 1: Final result - 0 shots detected
2025-07-23 11:35:54,058 - INFO - Detection data saved to: data\detection_data.json
2025-07-23 11:35:54,059 - INFO - Total targets: 0
2025-07-23 11:35:54,059 - INFO - Shot detection completed. Found 0 shots total
2025-07-23 11:35:54,059 - INFO - Analysis completed: Analysis complete. Found 0 shots
2025-07-23 11:35:54,059 - INFO - Detection data saved to: data/detection_data.json
2025-07-23 11:35:54,059 - INFO - Result images saved to: Video/ directory
2025-07-23 11:35:54,059 - INFO - Video analysis completed successfully. Detected 0 shots
2025-07-23 11:44:25,881 - INFO - Starting video analysis for: Video\shooting_20250723_112245.mp4
2025-07-23 11:44:25,882 - INFO - This will update data/detection_data.json with shot detection results
2025-07-23 11:44:25,882 - INFO - Analyzing video with 1 targets, 4 blob positions
2025-07-23 11:44:25,883 - INFO - Starting shot detection analysis for video: Video\shooting_20250723_112245.mp4
2025-07-23 11:44:25,883 - INFO - Target configuration: 1 targets, 3 shots per series
2025-07-23 11:44:25,883 - INFO - Loaded 1 homographies from file
2025-07-23 11:44:25,883 - INFO - Processing target 1 with blobs: [[302.0, 232.0], [205.0, 232.0], [301.0, 129.0], [205.0, 128.0]]
2025-07-23 11:44:25,887 - INFO - Target 1: Processing 125 frames
2025-07-23 11:44:25,888 - INFO - Target 1: Trying strategy 1/4 - rgb_enhanced
2025-07-23 11:44:26,659 - INFO - Target 1: Strategy rgb_enhanced completed - 0 shots detected
2025-07-23 11:44:26,660 - INFO - Target 1: Trying strategy 2/4 - rgb_subtraction
2025-07-23 11:44:27,283 - INFO - Target 1: Strategy rgb_subtraction completed - 0 shots detected
2025-07-23 11:44:27,284 - INFO - Target 1: Trying strategy 3/4 - hsv_subtraction
2025-07-23 11:44:27,911 - INFO - Target 1: Strategy hsv_subtraction completed - 0 shots detected
2025-07-23 11:44:27,912 - INFO - Target 1: Trying strategy 4/4 - hsv_direct
2025-07-23 11:44:28,684 - INFO - Target 1: Strategy hsv_direct completed - 0 shots detected
2025-07-23 11:44:28,684 - INFO - Target 1: Primary strategies found 0/3 shots. Trying fallback strategy: frame_difference
2025-07-23 11:44:28,685 - INFO - Target 1: Starting frame difference analysis
2025-07-23 11:44:29,068 - INFO - Target 1: Frame difference strategy completed - 0 shots detected
2025-07-23 11:44:29,070 - INFO - Target 1: Final result - 0 shots detected
2025-07-23 11:44:29,073 - INFO - Detection data saved to: data\detection_data.json
2025-07-23 11:44:29,074 - INFO - Total targets: 0
2025-07-23 11:44:29,075 - INFO - Shot detection completed. Found 0 shots total
2025-07-23 11:44:29,076 - INFO - Analysis completed: Analysis complete. Found 0 shots
2025-07-23 11:44:29,077 - INFO - Detection data saved to: data/detection_data.json
2025-07-23 11:44:29,077 - INFO - Result images saved to: Video/ directory
2025-07-23 11:44:29,077 - INFO - Video analysis completed successfully. Detected 0 shots
2025-07-23 11:44:51,834 - INFO - Starting video analysis for: Video\shooting_20250723_112245.mp4
2025-07-23 11:44:51,834 - INFO - This will update data/detection_data.json with shot detection results
2025-07-23 11:44:51,834 - INFO - Analyzing video with 1 targets, 4 blob positions
2025-07-23 11:44:51,834 - INFO - Starting shot detection analysis for video: Video\shooting_20250723_112245.mp4
2025-07-23 11:44:51,835 - INFO - Target configuration: 1 targets, 3 shots per series
2025-07-23 11:44:51,835 - INFO - Loaded 1 homographies from file
2025-07-23 11:44:51,835 - INFO - Processing target 1 with blobs: [[302.0, 232.0], [205.0, 232.0], [301.0, 129.0], [205.0, 128.0]]
2025-07-23 11:44:51,842 - INFO - Target 1: Processing 125 frames
2025-07-23 11:44:51,842 - INFO - Target 1: Trying strategy 1/4 - rgb_enhanced
2025-07-23 11:44:52,549 - INFO - Target 1: Strategy rgb_enhanced completed - 0 shots detected
2025-07-23 11:44:52,549 - INFO - Target 1: Trying strategy 2/4 - rgb_subtraction
2025-07-23 11:44:53,132 - INFO - Target 1: Strategy rgb_subtraction completed - 0 shots detected
2025-07-23 11:44:53,132 - INFO - Target 1: Trying strategy 3/4 - hsv_subtraction
2025-07-23 11:44:53,746 - INFO - Target 1: Strategy hsv_subtraction completed - 0 shots detected
2025-07-23 11:44:53,747 - INFO - Target 1: Trying strategy 4/4 - hsv_direct
2025-07-23 11:44:54,611 - INFO - Target 1: Strategy hsv_direct completed - 0 shots detected
2025-07-23 11:44:54,611 - INFO - Target 1: Primary strategies found 0/3 shots. Trying fallback strategy: frame_difference
2025-07-23 11:44:54,612 - INFO - Target 1: Starting frame difference analysis
2025-07-23 11:44:54,946 - INFO - Target 1: Frame difference strategy completed - 0 shots detected
2025-07-23 11:44:54,949 - INFO - Target 1: Final result - 0 shots detected
2025-07-23 11:44:54,950 - INFO - Detection data saved to: data\detection_data.json
2025-07-23 11:44:54,950 - INFO - Total targets: 0
2025-07-23 11:44:54,950 - INFO - Shot detection completed. Found 0 shots total
2025-07-23 11:44:54,950 - INFO - Analysis completed: Analysis complete. Found 0 shots
2025-07-23 11:44:54,951 - INFO - Detection data saved to: data/detection_data.json
2025-07-23 11:44:54,951 - INFO - Result images saved to: Video/ directory
2025-07-23 11:44:54,951 - INFO - Video analysis completed successfully. Detected 0 shots
2025-07-23 11:46:05,851 - INFO - Starting video analysis for: Video\shooting_20250723_112245.mp4
2025-07-23 11:46:05,852 - INFO - This will update data/detection_data.json with shot detection results
2025-07-23 11:46:05,852 - INFO - Analyzing video with 1 targets, 4 blob positions
2025-07-23 11:46:05,852 - INFO - Starting shot detection analysis for video: Video\shooting_20250723_112245.mp4
2025-07-23 11:46:05,853 - INFO - Target configuration: 1 targets, 3 shots per series
2025-07-23 11:46:05,853 - INFO - Loaded 1 homographies from file
2025-07-23 11:46:05,853 - INFO - Processing target 1 with blobs: [[302.0, 232.0], [205.0, 232.0], [301.0, 129.0], [205.0, 128.0]]
2025-07-23 11:46:05,857 - INFO - Target 1: Processing 125 frames
2025-07-23 11:46:05,857 - INFO - Target 1: Trying strategy 1/4 - rgb_enhanced
2025-07-23 11:46:06,427 - INFO - Target 1: Strategy rgb_enhanced completed - 0 shots detected
2025-07-23 11:46:06,427 - INFO - Target 1: Trying strategy 2/4 - rgb_subtraction
2025-07-23 11:46:06,972 - INFO - Target 1: Strategy rgb_subtraction completed - 0 shots detected
2025-07-23 11:46:06,973 - INFO - Target 1: Trying strategy 3/4 - hsv_subtraction
2025-07-23 11:46:07,395 - INFO - Target 1: Strategy hsv_subtraction completed - 0 shots detected
2025-07-23 11:46:07,396 - INFO - Target 1: Trying strategy 4/4 - hsv_direct
2025-07-23 11:46:08,037 - INFO - Target 1: Strategy hsv_direct completed - 0 shots detected
2025-07-23 11:46:08,039 - INFO - Target 1: Primary strategies found 0/3 shots. Trying fallback strategy: frame_difference
2025-07-23 11:46:08,040 - INFO - Target 1: Starting frame difference analysis
2025-07-23 11:46:08,105 - INFO - Frame 10: mean=0.02, max=17.00, threshold=5.00, state=low
2025-07-23 11:46:08,125 - INFO - Frame 17: Rising edge detected - mean: 0.02, max: 28.00, threshold: 5.00
2025-07-23 11:46:08,130 - INFO - Frame 20: mean=0.02, max=17.00, threshold=5.00, state=high
2025-07-23 11:46:08,158 - INFO - Frame 30: mean=0.02, max=16.00, threshold=5.00, state=high
2025-07-23 11:46:08,182 - INFO - Frame 39: Rising edge detected - mean: 0.02, max: 46.00, threshold: 5.00
2025-07-23 11:46:08,187 - INFO - Frame 40: mean=0.02, max=21.00, threshold=5.00, state=high
2025-07-23 11:46:08,212 - INFO - Frame 50: mean=0.02, max=21.00, threshold=5.00, state=high
2025-07-23 11:46:08,237 - INFO - Frame 60: mean=0.04, max=58.00, threshold=5.00, state=high
2025-07-23 11:46:08,246 - INFO - Frame 63: Rising edge detected - mean: 0.02, max: 26.00, threshold: 5.00
2025-07-23 11:46:08,264 - INFO - Frame 70: mean=0.02, max=20.00, threshold=5.00, state=high
2025-07-23 11:46:08,293 - INFO - Frame 80: mean=0.02, max=50.00, threshold=5.00, state=high
2025-07-23 11:46:08,321 - INFO - Frame 90: mean=0.02, max=17.00, threshold=5.00, state=low
2025-07-23 11:46:08,347 - INFO - Frame 100: mean=0.02, max=27.00, threshold=5.00, state=low
2025-07-23 11:46:08,348 - INFO - Frame 100: Rising edge detected - mean: 0.02, max: 27.00, threshold: 5.00
2025-07-23 11:46:08,375 - INFO - Frame 110: mean=0.02, max=13.00, threshold=5.00, state=high
2025-07-23 11:46:08,403 - INFO - Frame 120: mean=0.04, max=29.00, threshold=5.00, state=high
2025-07-23 11:46:08,408 - INFO - Target 1: Frame difference strategy completed - 0 shots detected
2025-07-23 11:46:08,409 - INFO - Target 1: Max intensity seen: 85.00
2025-07-23 11:46:08,413 - INFO - Target 1: Final result - 0 shots detected
2025-07-23 11:46:08,415 - INFO - Detection data saved to: data\detection_data.json
2025-07-23 11:46:08,415 - INFO - Total targets: 0
2025-07-23 11:46:08,415 - INFO - Shot detection completed. Found 0 shots total
2025-07-23 11:46:08,416 - INFO - Analysis completed: Analysis complete. Found 0 shots
2025-07-23 11:46:08,416 - INFO - Detection data saved to: data/detection_data.json
2025-07-23 11:46:08,417 - INFO - Result images saved to: Video/ directory
2025-07-23 11:46:08,417 - INFO - Video analysis completed successfully. Detected 0 shots
2025-07-23 11:46:26,072 - INFO - Starting video analysis for: Video\shooting_20250723_112245.mp4
2025-07-23 11:46:26,072 - INFO - This will update data/detection_data.json with shot detection results
2025-07-23 11:46:26,073 - INFO - Analyzing video with 1 targets, 4 blob positions
2025-07-23 11:46:26,073 - INFO - Starting shot detection analysis for video: Video\shooting_20250723_112245.mp4
2025-07-23 11:46:26,073 - INFO - Target configuration: 1 targets, 5 shots per series
2025-07-23 11:46:26,074 - INFO - Loaded 1 homographies from file
2025-07-23 11:46:26,074 - INFO - Processing target 1 with blobs: [[302.0, 232.0], [205.0, 232.0], [301.0, 129.0], [205.0, 128.0]]
2025-07-23 11:46:26,077 - INFO - Target 1: Processing 125 frames
2025-07-23 11:46:26,078 - INFO - Target 1: Trying strategy 1/4 - rgb_enhanced
2025-07-23 11:46:26,916 - INFO - Target 1: Strategy rgb_enhanced completed - 0 shots detected
2025-07-23 11:46:26,917 - INFO - Target 1: Trying strategy 2/4 - rgb_subtraction
2025-07-23 11:46:27,559 - INFO - Target 1: Strategy rgb_subtraction completed - 0 shots detected
2025-07-23 11:46:27,559 - INFO - Target 1: Trying strategy 3/4 - hsv_subtraction
2025-07-23 11:46:28,192 - INFO - Target 1: Strategy hsv_subtraction completed - 0 shots detected
2025-07-23 11:46:28,192 - INFO - Target 1: Trying strategy 4/4 - hsv_direct
2025-07-23 11:46:28,955 - INFO - Target 1: Strategy hsv_direct completed - 0 shots detected
2025-07-23 11:46:28,956 - INFO - Target 1: Primary strategies found 0/5 shots. Trying fallback strategy: frame_difference
2025-07-23 11:46:28,956 - INFO - Target 1: Starting frame difference analysis
2025-07-23 11:46:29,002 - INFO - Frame 10: mean=0.02, max=17.00, threshold=5.00, state=low
2025-07-23 11:46:29,018 - INFO - Frame 17: Rising edge detected - mean: 0.02, max: 28.00, threshold: 5.00
2025-07-23 11:46:29,026 - INFO - Frame 20: mean=0.02, max=17.00, threshold=5.00, state=high
2025-07-23 11:46:29,055 - INFO - Frame 30: mean=0.02, max=16.00, threshold=5.00, state=high
2025-07-23 11:46:29,075 - INFO - Frame 39: Rising edge detected - mean: 0.02, max: 46.00, threshold: 5.00
2025-07-23 11:46:29,081 - INFO - Frame 40: mean=0.02, max=21.00, threshold=5.00, state=high
2025-07-23 11:46:29,114 - INFO - Frame 50: mean=0.02, max=21.00, threshold=5.00, state=high
2025-07-23 11:46:29,144 - INFO - Frame 60: mean=0.04, max=58.00, threshold=5.00, state=high
2025-07-23 11:46:29,153 - INFO - Frame 63: Rising edge detected - mean: 0.02, max: 26.00, threshold: 5.00
2025-07-23 11:46:29,172 - INFO - Frame 70: mean=0.02, max=20.00, threshold=5.00, state=high
2025-07-23 11:46:29,203 - INFO - Frame 80: mean=0.02, max=50.00, threshold=5.00, state=high
2025-07-23 11:46:29,237 - INFO - Frame 90: mean=0.02, max=17.00, threshold=5.00, state=low
2025-07-23 11:46:29,274 - INFO - Frame 100: mean=0.02, max=27.00, threshold=5.00, state=low
2025-07-23 11:46:29,274 - INFO - Frame 100: Rising edge detected - mean: 0.02, max: 27.00, threshold: 5.00
2025-07-23 11:46:29,311 - INFO - Frame 110: mean=0.02, max=13.00, threshold=5.00, state=high
2025-07-23 11:46:29,348 - INFO - Frame 120: mean=0.04, max=29.00, threshold=5.00, state=high
2025-07-23 11:46:29,364 - INFO - Target 1: Frame difference strategy completed - 0 shots detected
2025-07-23 11:46:29,366 - INFO - Target 1: Max intensity seen: 85.00
2025-07-23 11:46:29,377 - INFO - Target 1: Final result - 0 shots detected
2025-07-23 11:46:29,379 - INFO - Detection data saved to: data\detection_data.json
2025-07-23 11:46:29,379 - INFO - Total targets: 0
2025-07-23 11:46:29,380 - INFO - Shot detection completed. Found 0 shots total
2025-07-23 11:46:29,380 - INFO - Analysis completed: Analysis complete. Found 0 shots
2025-07-23 11:46:29,380 - INFO - Detection data saved to: data/detection_data.json
2025-07-23 11:46:29,380 - INFO - Result images saved to: Video/ directory
2025-07-23 11:46:29,381 - INFO - Video analysis completed successfully. Detected 0 shots
2025-07-23 11:47:09,612 - INFO - Starting video analysis for: Video\shooting_20250723_112245.mp4
2025-07-23 11:47:09,612 - INFO - This will update data/detection_data.json with shot detection results
2025-07-23 11:47:09,614 - INFO - Analyzing video with 1 targets, 4 blob positions
2025-07-23 11:47:09,614 - INFO - Starting shot detection analysis for video: Video\shooting_20250723_112245.mp4
2025-07-23 11:47:09,615 - INFO - Target configuration: 1 targets, 5 shots per series
2025-07-23 11:47:09,616 - INFO - Loaded 1 homographies from file
2025-07-23 11:47:09,618 - INFO - Processing target 1 with blobs: [[302.0, 232.0], [205.0, 232.0], [301.0, 129.0], [205.0, 128.0]]
2025-07-23 11:47:09,623 - INFO - Target 1: Processing 125 frames
2025-07-23 11:47:09,623 - INFO - Target 1: Trying strategy 1/4 - rgb_enhanced
2025-07-23 11:47:10,394 - INFO - Target 1: Strategy rgb_enhanced completed - 0 shots detected
2025-07-23 11:47:10,395 - INFO - Target 1: Trying strategy 2/4 - rgb_subtraction
2025-07-23 11:47:11,172 - INFO - Target 1: Strategy rgb_subtraction completed - 0 shots detected
2025-07-23 11:47:11,172 - INFO - Target 1: Trying strategy 3/4 - hsv_subtraction
2025-07-23 11:47:11,822 - INFO - Target 1: Strategy hsv_subtraction completed - 0 shots detected
2025-07-23 11:47:11,822 - INFO - Target 1: Trying strategy 4/4 - hsv_direct
2025-07-23 11:47:12,688 - INFO - Target 1: Strategy hsv_direct completed - 0 shots detected
2025-07-23 11:47:12,689 - INFO - Target 1: Primary strategies found 0/5 shots. Trying fallback strategy: frame_difference
2025-07-23 11:47:12,689 - INFO - Target 1: Starting frame difference analysis
2025-07-23 11:47:12,745 - INFO - Frame 10: mean=0.02, max=17.00, threshold=5.00, state=low
2025-07-23 11:47:12,768 - INFO - Frame 17: Rising edge detected - mean: 0.02, max: 28.00, threshold: 5.00
2025-07-23 11:47:12,776 - INFO - Frame 20: mean=0.02, max=17.00, threshold=5.00, state=high
2025-07-23 11:47:12,801 - INFO - Target 1: Shot 1 detected at frame 25 - duration: 8 frames, max_intensity: 22.00, type: forced
2025-07-23 11:47:12,812 - INFO - Frame 30: mean=0.02, max=16.00, threshold=5.00, state=low
2025-07-23 11:47:12,831 - INFO - Frame 36: Rising edge detected - mean: 0.04, max: 55.00, threshold: 5.00
2025-07-23 11:47:12,844 - INFO - Frame 40: mean=0.02, max=21.00, threshold=5.00, state=high
2025-07-23 11:47:12,859 - INFO - Target 1: Shot 2 detected at frame 44 - duration: 8 frames, max_intensity: 17.00, type: forced
2025-07-23 11:47:12,877 - INFO - Frame 50: mean=0.02, max=21.00, threshold=5.00, state=low
2025-07-23 11:47:12,889 - INFO - Frame 52: Rising edge detected - mean: 0.02, max: 26.00, threshold: 5.00
2025-07-23 11:47:12,910 - INFO - Frame 60: mean=0.04, max=58.00, threshold=5.00, state=high
2025-07-23 11:47:12,912 - INFO - Target 1: Shot 3 detected at frame 60 - duration: 8 frames, max_intensity: 58.00, type: forced
2025-07-23 11:47:12,924 - INFO - Frame 63: Rising edge detected - mean: 0.02, max: 26.00, threshold: 5.00
2025-07-23 11:47:12,945 - INFO - Frame 70: mean=0.02, max=20.00, threshold=5.00, state=high
2025-07-23 11:47:12,956 - INFO - Target 1: Shot 4 detected at frame 71 - duration: 8 frames, max_intensity: 22.00, type: forced
2025-07-23 11:47:12,963 - INFO - Frame 74: Rising edge detected - mean: 0.02, max: 30.00, threshold: 5.00
2025-07-23 11:47:12,987 - INFO - Frame 80: mean=0.02, max=50.00, threshold=5.00, state=high
2025-07-23 11:47:12,993 - INFO - Target 1: Shot 5 detected at frame 82 - duration: 8 frames, max_intensity: 17.00, type: forced
2025-07-23 11:47:13,021 - INFO - Frame 90: mean=0.02, max=17.00, threshold=5.00, state=low
2025-07-23 11:47:13,051 - INFO - Frame 100: mean=0.02, max=27.00, threshold=5.00, state=low
2025-07-23 11:47:13,053 - INFO - Frame 100: Rising edge detected - mean: 0.02, max: 27.00, threshold: 5.00
2025-07-23 11:47:13,089 - INFO - Target 1: Shot 6 detected at frame 108 - duration: 8 frames, max_intensity: 22.00, type: forced
2025-07-23 11:47:13,095 - INFO - Frame 110: mean=0.02, max=13.00, threshold=5.00, state=low
2025-07-23 11:47:13,125 - INFO - Frame 116: Rising edge detected - mean: 0.02, max: 27.00, threshold: 5.00
2025-07-23 11:47:13,144 - INFO - Frame 120: mean=0.04, max=29.00, threshold=5.00, state=high
2025-07-23 11:47:13,161 - INFO - Target 1: Shot 7 detected at frame 124 - duration: 8 frames, max_intensity: 16.00, type: forced
2025-07-23 11:47:13,163 - INFO - Target 1: Frame difference strategy completed - 7 shots detected
2025-07-23 11:47:13,163 - INFO - Target 1: Max intensity seen: 85.00
2025-07-23 11:47:13,165 - INFO - Target 1: Fallback strategy found 7 shots, using those results
2025-07-23 11:47:13,172 - INFO - Target 1: Final result - 7 shots detected
2025-07-23 11:47:13,174 - INFO - Detection data saved to: data\detection_data.json
2025-07-23 11:47:13,174 - INFO - Total targets: 1
2025-07-23 11:47:13,175 - INFO - Target 1: 7 shots
2025-07-23 11:47:13,175 - INFO - Shot detection completed. Found 7 shots total
2025-07-23 11:47:13,176 - WARNING - Shot 1 outside image bounds: (38, -79)
2025-07-23 11:47:13,176 - WARNING - Shot 2 outside image bounds: (200, -12)
2025-07-23 11:47:13,176 - WARNING - Shot 3 outside image bounds: (92, -985)
2025-07-23 11:47:13,176 - WARNING - Shot 4 outside image bounds: (112, 372)
2025-07-23 11:47:13,176 - WARNING - Shot 5 outside image bounds: (123, -8)
2025-07-23 11:47:13,176 - WARNING - Shot 6 outside image bounds: (182, -7)
2025-07-23 11:47:13,177 - WARNING - Shot 7 outside image bounds: (124, 342)
2025-07-23 11:47:13,188 - INFO - Result image saved: Video\target_1_result_20250723_114713.jpg
2025-07-23 11:47:13,189 - INFO - Analysis completed: Analysis complete. Found 7 shots
2025-07-23 11:47:13,189 - INFO - Detection data saved to: data/detection_data.json
2025-07-23 11:47:13,189 - INFO - Result images saved to: Video/ directory
2025-07-23 11:47:13,189 - INFO - Video analysis completed successfully. Detected 7 shots
2025-07-23 11:47:31,725 - INFO - Starting video analysis for: Video\shooting_20250723_112245.mp4
2025-07-23 11:47:31,726 - INFO - This will update data/detection_data.json with shot detection results
2025-07-23 11:47:31,726 - INFO - Analyzing video with 1 targets, 4 blob positions
2025-07-23 11:47:31,726 - INFO - Starting shot detection analysis for video: Video\shooting_20250723_112245.mp4
2025-07-23 11:47:31,727 - INFO - Target configuration: 1 targets, 5 shots per series
2025-07-23 11:47:31,727 - INFO - Loaded 1 homographies from file
2025-07-23 11:47:31,727 - INFO - Processing target 1 with blobs: [[302.0, 232.0], [205.0, 232.0], [301.0, 129.0], [205.0, 128.0]]
2025-07-23 11:47:31,732 - INFO - Target 1: Processing 125 frames
2025-07-23 11:47:31,732 - INFO - Target 1: Trying strategy 1/4 - rgb_enhanced
2025-07-23 11:47:32,497 - INFO - Target 1: Strategy rgb_enhanced completed - 0 shots detected
2025-07-23 11:47:32,499 - INFO - Target 1: Trying strategy 2/4 - rgb_subtraction
2025-07-23 11:47:33,234 - INFO - Target 1: Strategy rgb_subtraction completed - 0 shots detected
2025-07-23 11:47:33,235 - INFO - Target 1: Trying strategy 3/4 - hsv_subtraction
2025-07-23 11:47:33,868 - INFO - Target 1: Strategy hsv_subtraction completed - 0 shots detected
2025-07-23 11:47:33,869 - INFO - Target 1: Trying strategy 4/4 - hsv_direct
2025-07-23 11:47:34,617 - INFO - Target 1: Strategy hsv_direct completed - 0 shots detected
2025-07-23 11:47:34,618 - INFO - Target 1: Primary strategies found 0/5 shots. Trying fallback strategy: frame_difference
2025-07-23 11:47:34,618 - INFO - Target 1: Starting frame difference analysis
2025-07-23 11:47:34,669 - INFO - Frame 10: mean=0.02, max=17.00, threshold=5.00, state=low
2025-07-23 11:47:34,687 - INFO - Frame 17: Rising edge detected - mean: 0.02, max: 28.00, threshold: 5.00
2025-07-23 11:47:34,692 - INFO - Frame 20: mean=0.02, max=17.00, threshold=5.00, state=high
2025-07-23 11:47:34,708 - INFO - Target 1: Shot 1 detected at frame 25 - duration: 8 frames, max_intensity: 22.00, type: forced
2025-07-23 11:47:34,726 - INFO - Frame 30: mean=0.02, max=16.00, threshold=5.00, state=low
2025-07-23 11:47:34,741 - INFO - Frame 36: Rising edge detected - mean: 0.04, max: 55.00, threshold: 5.00
2025-07-23 11:47:34,752 - INFO - Frame 40: mean=0.02, max=21.00, threshold=5.00, state=high
2025-07-23 11:47:34,760 - INFO - Target 1: Shot 2 detected at frame 44 - duration: 8 frames, max_intensity: 17.00, type: forced
2025-07-23 11:47:34,784 - INFO - Frame 50: mean=0.02, max=21.00, threshold=5.00, state=low
2025-07-23 11:47:34,788 - INFO - Frame 52: Rising edge detected - mean: 0.02, max: 26.00, threshold: 5.00
2025-07-23 11:47:34,817 - INFO - Frame 60: mean=0.04, max=58.00, threshold=5.00, state=high
2025-07-23 11:47:34,821 - INFO - Target 1: Shot 3 detected at frame 60 - duration: 8 frames, max_intensity: 58.00, type: forced
2025-07-23 11:47:34,828 - INFO - Frame 63: Rising edge detected - mean: 0.02, max: 26.00, threshold: 5.00
2025-07-23 11:47:34,849 - INFO - Frame 70: mean=0.02, max=20.00, threshold=5.00, state=high
2025-07-23 11:47:34,852 - INFO - Target 1: Shot 4 detected at frame 71 - duration: 8 frames, max_intensity: 22.00, type: forced
2025-07-23 11:47:34,857 - INFO - Frame 74: Rising edge detected - mean: 0.02, max: 30.00, threshold: 5.00
2025-07-23 11:47:34,876 - INFO - Frame 80: mean=0.02, max=50.00, threshold=5.00, state=high
2025-07-23 11:47:34,888 - INFO - Target 1: Shot 5 detected at frame 82 - duration: 8 frames, max_intensity: 17.00, type: forced
2025-07-23 11:47:34,908 - INFO - Frame 90: mean=0.02, max=17.00, threshold=5.00, state=low
2025-07-23 11:47:34,938 - INFO - Frame 100: mean=0.02, max=27.00, threshold=5.00, state=low
2025-07-23 11:47:34,939 - INFO - Frame 100: Rising edge detected - mean: 0.02, max: 27.00, threshold: 5.00
2025-07-23 11:47:34,960 - INFO - Target 1: Shot 6 detected at frame 108 - duration: 8 frames, max_intensity: 22.00, type: forced
2025-07-23 11:47:34,970 - INFO - Frame 110: mean=0.02, max=13.00, threshold=5.00, state=low
2025-07-23 11:47:34,986 - INFO - Frame 116: Rising edge detected - mean: 0.02, max: 27.00, threshold: 5.00
2025-07-23 11:47:34,992 - INFO - Frame 120: mean=0.04, max=29.00, threshold=5.00, state=high
2025-07-23 11:47:35,007 - INFO - Target 1: Shot 7 detected at frame 124 - duration: 8 frames, max_intensity: 16.00, type: forced
2025-07-23 11:47:35,008 - INFO - Target 1: Frame difference strategy completed - 7 shots detected
2025-07-23 11:47:35,008 - INFO - Target 1: Max intensity seen: 85.00
2025-07-23 11:47:35,009 - INFO - Target 1: Fallback strategy found 7 shots, using those results
2025-07-23 11:47:35,010 - INFO - Target 1: Final result - 7 shots detected
2025-07-23 11:47:35,015 - INFO - Detection data saved to: data\detection_data.json
2025-07-23 11:47:35,015 - INFO - Total targets: 1
2025-07-23 11:47:35,015 - INFO - Target 1: 7 shots
2025-07-23 11:47:35,015 - INFO - Shot detection completed. Found 7 shots total
2025-07-23 11:47:35,019 - WARNING - Shot 1 outside image bounds: (38, -79)
2025-07-23 11:47:35,020 - WARNING - Shot 2 outside image bounds: (200, -12)
2025-07-23 11:47:35,020 - WARNING - Shot 3 outside image bounds: (92, -985)
2025-07-23 11:47:35,020 - WARNING - Shot 4 outside image bounds: (112, 372)
2025-07-23 11:47:35,020 - WARNING - Shot 5 outside image bounds: (123, -8)
2025-07-23 11:47:35,020 - WARNING - Shot 6 outside image bounds: (182, -7)
2025-07-23 11:47:35,021 - WARNING - Shot 7 outside image bounds: (124, 342)
2025-07-23 11:47:35,022 - INFO - Result image saved: Video\target_1_result_20250723_114735.jpg
2025-07-23 11:47:35,022 - INFO - Analysis completed: Analysis complete. Found 7 shots
2025-07-23 11:47:35,022 - INFO - Detection data saved to: data/detection_data.json
2025-07-23 11:47:35,023 - INFO - Result images saved to: Video/ directory
2025-07-23 11:47:35,023 - INFO - Video analysis completed successfully. Detected 7 shots
2025-07-23 11:48:23,403 - INFO - Starting video analysis for: Video\shooting_20250723_112245.mp4
2025-07-23 11:48:23,403 - INFO - This will update data/detection_data.json with shot detection results
2025-07-23 11:48:23,403 - INFO - Analyzing video with 1 targets, 4 blob positions
2025-07-23 11:48:23,404 - INFO - Starting shot detection analysis for video: Video\shooting_20250723_112245.mp4
2025-07-23 11:48:23,404 - INFO - Target configuration: 1 targets, 5 shots per series
2025-07-23 11:48:23,405 - INFO - Loaded 1 homographies from file
2025-07-23 11:48:23,405 - INFO - Processing target 1 with blobs: [[302.0, 232.0], [205.0, 232.0], [301.0, 129.0], [205.0, 128.0]]
2025-07-23 11:48:23,410 - INFO - Target 1: Processing 125 frames
2025-07-23 11:48:23,411 - INFO - Target 1: Trying strategy 1/4 - rgb_enhanced
2025-07-23 11:48:24,151 - INFO - Target 1: Strategy rgb_enhanced completed - 0 shots detected
2025-07-23 11:48:24,151 - INFO - Target 1: Trying strategy 2/4 - rgb_subtraction
2025-07-23 11:48:24,923 - INFO - Target 1: Strategy rgb_subtraction completed - 0 shots detected
2025-07-23 11:48:24,924 - INFO - Target 1: Trying strategy 3/4 - hsv_subtraction
2025-07-23 11:48:25,494 - INFO - Target 1: Strategy hsv_subtraction completed - 0 shots detected
2025-07-23 11:48:25,495 - INFO - Target 1: Trying strategy 4/4 - hsv_direct
2025-07-23 11:48:26,250 - INFO - Target 1: Strategy hsv_direct completed - 0 shots detected
2025-07-23 11:48:26,250 - INFO - Target 1: Primary strategies found 0/5 shots. Trying fallback strategy: frame_difference
2025-07-23 11:48:26,251 - INFO - Target 1: Starting frame difference analysis
2025-07-23 11:48:26,301 - INFO - Frame 10: mean=0.02, max=17.00, threshold=8.00, state=low
2025-07-23 11:48:26,332 - INFO - Frame 20: mean=0.02, max=17.00, threshold=8.00, state=low
2025-07-23 11:48:26,356 - INFO - Frame 30: mean=0.02, max=16.00, threshold=8.00, state=low
2025-07-23 11:48:26,372 - INFO - Frame 36: Rising edge detected - mean: 0.04, max: 55.00, threshold: 8.00
2025-07-23 11:48:26,385 - INFO - Frame 40: mean=0.02, max=21.00, threshold=8.00, state=high
2025-07-23 11:48:26,403 - INFO - Target 1: Shot 1 detected at frame 46 - duration: 10 frames, max_intensity: 20.00, type: forced
2025-07-23 11:48:26,416 - INFO - Frame 50: mean=0.02, max=21.00, threshold=8.00, state=low
2025-07-23 11:48:26,433 - INFO - Frame 58: Rising edge detected - mean: 0.02, max: 85.00, threshold: 8.00
2025-07-23 11:48:26,436 - INFO - Frame 60: mean=0.04, max=58.00, threshold=8.00, state=high
2025-07-23 11:48:26,455 - INFO - Target 1: Shot 2 detected at frame 68 - duration: 10 frames, max_intensity: 17.00, type: forced
2025-07-23 11:48:26,465 - INFO - Frame 70: mean=0.02, max=20.00, threshold=8.00, state=low
2025-07-23 11:48:26,481 - INFO - Frame 77: Rising edge detected - mean: 0.02, max: 57.00, threshold: 8.00
2025-07-23 11:48:26,487 - INFO - Frame 80: mean=0.02, max=50.00, threshold=8.00, state=high
2025-07-23 11:48:26,508 - INFO - Target 1: Shot 3 detected at frame 87 - duration: 10 frames, max_intensity: 14.00, type: forced
2025-07-23 11:48:26,520 - INFO - Frame 90: mean=0.02, max=17.00, threshold=8.00, state=low
2025-07-23 11:48:26,542 - INFO - Frame 100: mean=0.02, max=27.00, threshold=8.00, state=low
2025-07-23 11:48:26,568 - INFO - Frame 110: mean=0.02, max=13.00, threshold=8.00, state=low
2025-07-23 11:48:26,590 - INFO - Frame 120: mean=0.04, max=29.00, threshold=8.00, state=low
2025-07-23 11:48:26,604 - INFO - Target 1: Frame difference strategy completed - 3 shots detected
2025-07-23 11:48:26,605 - INFO - Target 1: Max intensity seen: 85.00
2025-07-23 11:48:26,605 - INFO - Target 1: Fallback strategy found 3 shots, using those results
2025-07-23 11:48:26,607 - INFO - Target 1: Final result - 3 shots detected
2025-07-23 11:48:26,611 - INFO - Detection data saved to: data\detection_data.json
2025-07-23 11:48:26,612 - INFO - Total targets: 1
2025-07-23 11:48:26,614 - INFO - Target 1: 3 shots
2025-07-23 11:48:26,615 - INFO - Shot detection completed. Found 3 shots total
2025-07-23 11:48:26,616 - WARNING - Shot 1 outside image bounds: (46, 491)
2025-07-23 11:48:26,616 - WARNING - Shot 2 outside image bounds: (36, 495)
2025-07-23 11:48:26,617 - WARNING - Shot 3 outside image bounds: (35, 495)
2025-07-23 11:48:26,618 - INFO - Result image saved: Video\target_1_result_20250723_114826.jpg
2025-07-23 11:48:26,619 - INFO - Analysis completed: Analysis complete. Found 3 shots
2025-07-23 11:48:26,619 - INFO - Detection data saved to: data/detection_data.json
2025-07-23 11:48:26,619 - INFO - Result images saved to: Video/ directory
2025-07-23 11:48:26,619 - INFO - Video analysis completed successfully. Detected 3 shots
2025-07-23 11:49:15,696 - INFO - Starting video analysis for: Video\shooting_20250723_112245.mp4
2025-07-23 11:49:15,696 - INFO - This will update data/detection_data.json with shot detection results
2025-07-23 11:49:15,697 - INFO - Analyzing video with 1 targets, 4 blob positions
2025-07-23 11:49:15,697 - INFO - Starting shot detection analysis for video: Video\shooting_20250723_112245.mp4
2025-07-23 11:49:15,697 - INFO - Target configuration: 1 targets, 5 shots per series
2025-07-23 11:49:15,698 - INFO - Loaded 1 homographies from file
2025-07-23 11:49:15,698 - INFO - Processing target 1 with blobs: [[302.0, 232.0], [205.0, 232.0], [301.0, 129.0], [205.0, 128.0]]
2025-07-23 11:49:15,702 - INFO - Target 1: Processing 125 frames
2025-07-23 11:49:15,702 - INFO - Target 1: Trying strategy 1/4 - rgb_enhanced
2025-07-23 11:49:16,420 - INFO - Target 1: Strategy rgb_enhanced completed - 0 shots detected
2025-07-23 11:49:16,420 - INFO - Target 1: Trying strategy 2/4 - rgb_subtraction
2025-07-23 11:49:17,087 - INFO - Target 1: Strategy rgb_subtraction completed - 0 shots detected
2025-07-23 11:49:17,087 - INFO - Target 1: Trying strategy 3/4 - hsv_subtraction
2025-07-23 11:49:17,686 - INFO - Target 1: Strategy hsv_subtraction completed - 0 shots detected
2025-07-23 11:49:17,686 - INFO - Target 1: Trying strategy 4/4 - hsv_direct
2025-07-23 11:49:18,533 - INFO - Target 1: Strategy hsv_direct completed - 0 shots detected
2025-07-23 11:49:18,533 - INFO - Target 1: Primary strategies found 0/5 shots. Trying fallback strategy: frame_difference
2025-07-23 11:49:18,533 - INFO - Target 1: Starting frame difference analysis
2025-07-23 11:49:18,582 - INFO - Frame 10: mean=0.02, max=17.00, threshold=6.00, state=low
2025-07-23 11:49:18,611 - INFO - Frame 20: mean=0.02, max=17.00, threshold=6.00, state=low
2025-07-23 11:49:18,634 - INFO - Frame 30: mean=0.02, max=16.00, threshold=6.00, state=low
2025-07-23 11:49:18,654 - INFO - Frame 36: Rising edge detected - mean: 0.04, max: 55.00, threshold: 6.00
2025-07-23 11:49:18,668 - INFO - Frame 40: mean=0.02, max=21.00, threshold=6.00, state=high
2025-07-23 11:49:18,683 - INFO - Target 1: Shot 1 detected at frame 44 - duration: 8 frames, max_intensity: 17.00, type: forced
2025-07-23 11:49:18,696 - INFO - Frame 50: mean=0.02, max=21.00, threshold=6.00, state=low
2025-07-23 11:49:18,712 - INFO - Frame 55: Rising edge detected - mean: 0.02, max: 37.00, threshold: 6.00
2025-07-23 11:49:18,720 - INFO - Frame 60: mean=0.04, max=58.00, threshold=6.00, state=high
2025-07-23 11:49:18,736 - INFO - Target 1: Shot 2 detected at frame 63 - duration: 8 frames, max_intensity: 26.00, type: forced
2025-07-23 11:49:18,752 - INFO - Frame 70: mean=0.02, max=20.00, threshold=6.00, state=low
2025-07-23 11:49:18,774 - INFO - Frame 77: Rising edge detected - mean: 0.02, max: 57.00, threshold: 6.00
2025-07-23 11:49:18,782 - INFO - Frame 80: mean=0.02, max=50.00, threshold=6.00, state=high
2025-07-23 11:49:18,801 - INFO - Target 1: Shot 3 detected at frame 85 - duration: 8 frames, max_intensity: 18.00, type: forced
2025-07-23 11:49:18,817 - INFO - Frame 90: mean=0.02, max=17.00, threshold=6.00, state=low
2025-07-23 11:49:18,838 - INFO - Frame 100: mean=0.02, max=27.00, threshold=6.00, state=low
2025-07-23 11:49:18,889 - INFO - Frame 110: mean=0.02, max=13.00, threshold=6.00, state=low
2025-07-23 11:49:18,966 - INFO - Frame 120: mean=0.04, max=29.00, threshold=6.00, state=low
2025-07-23 11:49:18,995 - INFO - Target 1: Frame difference strategy completed - 3 shots detected
2025-07-23 11:49:19,016 - INFO - Target 1: Max intensity seen: 85.00
2025-07-23 11:49:19,032 - INFO - Target 1: Fallback strategy found 3 shots, using those results
2025-07-23 11:49:19,063 - INFO - Target 1: Final result - 3 shots detected
2025-07-23 11:49:19,065 - INFO - Detection data saved to: data\detection_data.json
2025-07-23 11:49:19,065 - INFO - Total targets: 1
2025-07-23 11:49:19,065 - INFO - Target 1: 3 shots
2025-07-23 11:49:19,065 - INFO - Shot detection completed. Found 3 shots total
2025-07-23 11:49:19,066 - WARNING - Shot 1 outside image bounds: (200, -12)
2025-07-23 11:49:19,066 - WARNING - Shot 2 outside image bounds: (306, 459)
2025-07-23 11:49:19,067 - WARNING - Shot 3 outside image bounds: (233, -15)
2025-07-23 11:49:19,069 - INFO - Result image saved: Video\target_1_result_20250723_114919.jpg
2025-07-23 11:49:19,070 - INFO - Analysis completed: Analysis complete. Found 3 shots
2025-07-23 11:49:19,070 - INFO - Detection data saved to: data/detection_data.json
2025-07-23 11:49:19,070 - INFO - Result images saved to: Video/ directory
2025-07-23 11:49:19,070 - INFO - Video analysis completed successfully. Detected 3 shots
2025-07-23 11:59:39,741 - INFO - Starting video analysis for: Video\shooting_20250723_112245.mp4
2025-07-23 11:59:39,741 - INFO - This will update data/detection_data.json with shot detection results
2025-07-23 11:59:39,744 - INFO - Analyzing video with 1 targets, 4 blob positions
2025-07-23 11:59:39,745 - INFO - Starting shot detection analysis for video: Video\shooting_20250723_112245.mp4
2025-07-23 11:59:39,747 - INFO - Loaded 1 homographies from file
2025-07-23 11:59:39,837 - INFO - Analysing target 1 strategy 1/5: rgb_enhanced
2025-07-23 11:59:39,847 - ERROR - Error during video analysis: 'ShotDetectionModel' object has no attribute '_detect_shots_standard'
2025-07-23 11:59:39,848 - ERROR - Analysis failed: Analysis failed: 'ShotDetectionModel' object has no attribute '_detect_shots_standard'
